<?xml version="1.0" encoding="UTF-8"?>
<!-- Generated by org.testng.reporters.JUnitXMLReporter -->
<testsuite ignored="0" hostname="LAPTOP-304U7A4J" failures="0" tests="3" name="HomepageTest" time="3.425" errors="0" timestamp="2026-07-08T18:28:26 IST">
  <testcase classname="Com.CRM.TestCase.HomeTestCase" name="verifyURL" time="0.06"/>
  <testcase classname="Com.CRM.TestCase.HomeTestCase" name="verifyTitle" time="0.027"/>
  <testcase classname="Com.CRM.TestCase.HomeTestCase" name="verifySiginin" time="0.563"/>
</testsuite> <!-- HomepageTest -->
