<?xml version="1.0" encoding="UTF-8"?>
<!-- Generated by org.testng.reporters.JUnitXMLReporter -->
<testsuite ignored="0" hostname="LAPTOP-304U7A4J" failures="0" tests="3" name="Default test" time="20.18" errors="0" timestamp="2026-07-08T18:18:11 IST">
  <testcase classname="Com.CRM.TestCase.HomeTestCase" name="verifyURL" time="0.04"/>
  <testcase classname="Com.CRM.TestCase.HomeTestCase" name="verifyTitle" time="0.023"/>
  <testcase classname="Com.CRM.TestCase.HomeTestCase" name="verifySiginin" time="0.641"/>
</testsuite> <!-- Default test -->
