<?xml version="1.0" encoding="UTF-8"?>
<testng-results ignored="0" total="4" passed="4" failed="0" skipped="0">
  <reporter-output>
  </reporter-output>
  <suite started-at="2026-07-08T18:28:23 IST" name="CRMTest" finished-at="2026-07-08T18:28:30 IST" duration-ms="7311">
    <groups>
    </groups>
    <test started-at="2026-07-08T18:28:23 IST" name="HomepageTest" finished-at="2026-07-08T18:28:26 IST" duration-ms="3425">
      <class name="Com.CRM.TestCase.HomeTestCase">
        <test-method is-config="true" signature="setup()[pri:0, instance:Com.CRM.TestCase.HomeTestCase@4c12331b]" started-at="2026-07-08T18:28:23 IST" name="setup" finished-at="2026-07-08T18:28:25 IST" duration-ms="2674" status="PASS">
          <reporter-output>
          </reporter-output>
        </test-method> <!-- setup -->
        <test-method signature="verifyURL()[pri:1, instance:Com.CRM.TestCase.HomeTestCase@4c12331b]" started-at="2026-07-08T18:28:25 IST" name="verifyURL" finished-at="2026-07-08T18:28:25 IST" duration-ms="60" status="PASS">
          <reporter-output>
          </reporter-output>
        </test-method> <!-- verifyURL -->
        <test-method signature="verifyTitle()[pri:2, instance:Com.CRM.TestCase.HomeTestCase@4c12331b]" started-at="2026-07-08T18:28:25 IST" name="verifyTitle" finished-at="2026-07-08T18:28:25 IST" duration-ms="27" status="PASS">
          <reporter-output>
          </reporter-output>
        </test-method> <!-- verifyTitle -->
        <test-method signature="verifySiginin()[pri:3, instance:Com.CRM.TestCase.HomeTestCase@4c12331b]" started-at="2026-07-08T18:28:25 IST" name="verifySiginin" finished-at="2026-07-08T18:28:26 IST" duration-ms="563" status="PASS">
          <reporter-output>
          </reporter-output>
        </test-method> <!-- verifySiginin -->
      </class> <!-- Com.CRM.TestCase.HomeTestCase -->
    </test> <!-- HomepageTest -->
    <test started-at="2026-07-08T18:28:26 IST" name="LoginpageTest" finished-at="2026-07-08T18:28:30 IST" duration-ms="3807">
      <class name="Com.CRM.TestCase.LoginpageTestCase">
        <test-method is-config="true" signature="setup()[pri:0, instance:Com.CRM.TestCase.LoginpageTestCase@d35dea7]" started-at="2026-07-08T18:28:26 IST" name="setup" finished-at="2026-07-08T18:28:28 IST" duration-ms="2422" status="PASS">
          <reporter-output>
          </reporter-output>
        </test-method> <!-- setup -->
        <test-method is-config="true" signature="setuppage()[pri:0, instance:Com.CRM.TestCase.LoginpageTestCase@d35dea7]" started-at="2026-07-08T18:28:28 IST" name="setuppage" finished-at="2026-07-08T18:28:29 IST" duration-ms="756" status="PASS">
          <reporter-output>
          </reporter-output>
        </test-method> <!-- setuppage -->
        <test-method signature="logincheck()[pri:0, instance:Com.CRM.TestCase.LoginpageTestCase@d35dea7]" started-at="2026-07-08T18:28:29 IST" name="logincheck" finished-at="2026-07-08T18:28:30 IST" duration-ms="623" status="PASS">
          <reporter-output>
          </reporter-output>
        </test-method> <!-- logincheck -->
      </class> <!-- Com.CRM.TestCase.LoginpageTestCase -->
    </test> <!-- LoginpageTest -->
  </suite> <!-- CRMTest -->
</testng-results>
