<?xml version="1.0" encoding="UTF-8"?>
<!-- Generated by org.testng.reporters.JUnitReportReporter -->
<testsuite hostname="LAPTOP-304U7A4J" failures="0" tests="3" name="Com.CRM.TestCase.HomeTestCase" time="0.650" errors="0" timestamp="2026-07-08T18:28:30 IST" skipped="0">
  <testcase classname="Com.CRM.TestCase.HomeTestCase" name="verifyURL" time="0.060"/>
  <testcase classname="Com.CRM.TestCase.HomeTestCase" name="verifyTitle" time="0.027"/>
  <testcase classname="Com.CRM.TestCase.HomeTestCase" name="verifySiginin" time="0.563"/>
</testsuite> <!-- Com.CRM.TestCase.HomeTestCase -->
